[2024-09-28 22:37:25] Failed login attempt: Username missing.
[2024-09-28 22:37:29] Failed login attempt: Password missing for user 'vlesufi'.
[2024-09-28 22:48:44] Successful login: User victor logged in.
[2024-09-29 06:51:06] Successful login: User victor logged in.
[2024-09-29 07:06:55] Successful login: User irene logged in.
[2024-09-29 07:07:26] Failed login attempt: Incorrect password for user 'irene'.
[2024-09-29 07:11:04] Failed login attempt: Incorrect password for user 'irene'.
[2024-09-29 07:11:07] Failed login attempt: Username missing.
[2024-09-29 07:11:17] Failed login attempt: Username missing.
[2024-09-29 07:16:22] Failed login attempt: User 'irene' is blocked.
[2024-09-29 07:16:54] Successful login: User victor logged in.
[2024-09-29 07:18:12] Failed login attempt: User 'irene' is blocked.
[2024-09-29 07:19:17] Failed login attempt: blocked user 'irene' attemepted to login
[2024-09-29 07:31:07] Failed login attempt: Incorrect password for user 'victor'.
[2024-09-29 07:31:18] Failed login attempt: Username 'vlesufi' does not exist.
[2024-09-29 07:31:29] Failed login attempt: Incorrect password for user 'victor'.
[2024-09-29 07:37:54] Blocked user attempted to login. Remaining block time: 8.5833333333333 minutes.
[2024-09-29 07:52:27] Successful login: User victor logged in.
[2024-09-29 15:03:15] Successful login: User victor logged in.
[2024-09-29 15:31:46] Successful login: User victor logged in.
[2024-09-29 15:33:14] Failed login attempt: blocked user 'irene' attempted to login.
[2024-09-29 15:33:28] Successful login: User bonolo logged in.
[2024-09-29 19:58:39] Failed login attempt: Incorrect password for user 'Kgau'.
[2024-09-29 20:00:01] Successful login: User Kgau logged in.
[2024-09-29 20:38:32] Failed login attempt: Incorrect password for user 'victor'.
[2024-09-29 20:38:42] Failed login attempt: Username 'Y' does not exist.
[2024-09-29 20:38:48] Failed login attempt: Incorrect password for user 'matsebe'.
[2024-09-29 20:38:48] user 'matsebe'. must retry after 15 mins
[2024-09-30 07:37:16] Failed login attempt: Username 'vlesufi' does not exist.
[2024-09-30 08:41:17] Failed login attempt: Username 'maps' does not exist.
[2024-09-30 08:55:25] Failed login attempt: Username missing.
[2024-09-30 13:32:57] Failed login attempt: Username missing.
[2024-09-30 13:33:05] Failed login attempt: Username 'vlesufi' does not exist.
[2024-09-30 17:14:00] Failed login attempt: Incorrect password for user 'victor'.
[2024-09-30 17:14:00] user 'victor'. must retry after 15 mins
[2024-09-30 17:14:14] Blocked user attempted to login. Remaining block time: 14.766666666667 minutes.
[2024-09-30 17:14:46] Failed login attempt: Incorrect password for user 'victor'.
[2024-09-30 17:15:07] Successful login: User lead logged in.
[2024-09-30 17:16:14] Successful login: User victor logged in.
[2024-09-30 17:17:22] Blocked user attempted to login. Remaining block time: 11.633333333333 minutes.
[2024-09-30 17:24:57] Blocked user attempted to login. Remaining block time: 4.05 minutes.
[2024-09-30 18:57:37] Direct access attempt to login script without POST data.
[2024-10-01 12:23:54] Failed login attempt: Username 'vlesufi' does not exist.
[2024-10-01 12:24:07] Failed login attempt: Username 'vlesufi' does not exist.
[2024-10-01 12:24:13] Failed login attempt: Password missing for user 'vlesufi'.
[2024-10-01 12:24:18] Failed login attempt: Username 'vlesufi' does not exist.
[2024-10-01 12:53:53] Failed login attempt: Incorrect password for user 'matsebe'.
[2024-10-01 12:54:15] Failed login attempt: Incorrect password for user 'victor'.
[2024-10-01 12:54:25] Failed login attempt: Username 'maeve' does not exist.
[2024-10-01 12:54:55] Blocked user attempted to login. Remaining block time: 14.5 minutes.
[2024-10-02 10:29:33] Successful login: User victor logged in.
[2024-10-02 16:17:19] Successful login: User victor logged in.
[2024-10-02 16:19:39] Successful login: User victor logged in.
[2024-10-02 16:21:10] Successful login: User victor logged in.
[2024-10-02 16:30:21] Successful login: User victor logged in.
[2024-10-02 16:52:26] Successful login: User victor logged in.
[2024-10-02 16:52:57] Successful login: User victor logged in.
[2024-10-02 16:56:44] Successful login: User victor logged in.
[2025-03-18 09:08:55] Failed login attempt: Incorrect username 'Victor'.
[2025-03-18 09:09:21] Failed login attempt: Incorrect username 'Victor'.
[2025-03-18 09:11:03] Successful login: User victor logged in.
[2025-03-18 09:51:17] Successful login: User victor logged in.
[2025-03-18 10:07:22] Successful login: User amos logged in.
[2025-03-18 10:15:08] Successful login: User victor logged in.
[2025-03-18 10:23:30] Successful login: User amos logged in.
[2025-03-18 10:24:17] Successful login: User victor logged in.
[2025-03-18 10:52:51] Successful login: User llifi logged in.
